2025-06-26 08:53:47,115 - INFO - Build process started - Log file: logs\build_20250626_085347.log
2025-06-26 08:53:47,147 - INFO - Platform: Windows 11
2025-06-26 08:53:47,147 - INFO - Python: 3.13.5 (tags/v3.13.5:6cb20a2, Jun 11 2025, 16:15:46) [MSC v.1943 64 bit (AMD64)]
2025-06-26 08:53:47,148 - INFO - Initializing pyinstaller build system
2025-06-26 08:53:47,148 - INFO - Debug mode: False
2025-06-26 08:53:47,148 - INFO - Starting pyinstaller build process...
2025-06-26 08:53:47,148 - INFO - Checking build dependencies...
2025-06-26 08:53:47,149 - INFO - Installing pyinstaller>=5.0...
2025-06-26 08:53:48,519 - INFO - Successfully installed pyinstaller>=5.0
2025-06-26 08:53:48,595 - INFO - Installing pillow>=9.0.0...
2025-06-26 08:53:49,896 - INFO - Successfully installed pillow>=9.0.0
2025-06-26 08:53:49,979 - INFO - All dependencies checked successfully
2025-06-26 08:53:49,980 - INFO - Validating source code...
2025-06-26 08:53:49,980 - INFO - Source validation completed
2025-06-26 08:53:49,980 - INFO - Cleaning previous build artifacts...
2025-06-26 08:53:49,981 - INFO - Starting PyInstaller build...
2025-06-26 08:53:49,981 - INFO - Generated spec file: C:\Users\LCOM\Desktop\Github\Aurora\saphoComponents\Packages\FFPGA\Enhanced_Fractal_Visualizer.spec
2025-06-26 08:53:49,981 - INFO - PyInstaller command: pyinstaller --name Enhanced_Fractal_Visualizer --onefile --windowed --icon --add-data --hidden-import customtkinter --hidden-import PIL._tkinter_finder --collect-submodules customtkinter --collect-data customtkinter --noconsole fractal_visualizer.py
2025-06-26 08:55:15,656 - INFO - PyInstaller build completed successfully
2025-06-26 08:55:15,656 - INFO - Performing post-build tasks...
2025-06-26 08:55:15,658 - INFO - Created installer script: C:\Users\LCOM\Desktop\Github\Aurora\saphoComponents\Packages\FFPGA\dist\install.sh
2025-06-26 08:55:15,659 - INFO - Build report generated: C:\Users\LCOM\Desktop\Github\Aurora\saphoComponents\Packages\FFPGA\dist\BUILD_REPORT.md
2025-06-26 08:55:15,659 - INFO - Build process completed successfully!
2025-06-26 08:55:15,659 - INFO - Executable available in: C:\Users\LCOM\Desktop\Github\Aurora\saphoComponents\Packages\FFPGA\dist
